[2025-01-23 02:26:05] students_app.network - INFO - Попытка подключения к 192.168.0.164:9999
[2025-01-23 02:26:05] students_app.network - INFO - Создан сокет, пытаемся подключиться...
[2025-01-23 02:26:05] students_app.network - INFO - Подключение успешно установлено
[2025-01-23 02:26:05] students_app.network - INFO - Отправляем данные: {'action': 'register', 'data': {'first_name': '123', 'last_name': '123', 'middle_name': '', 'group_name': '123', 'year': 123}}
[2025-01-23 02:26:05] students_app.network - INFO - Получен префикс длины: 149 байт
[2025-01-23 02:26:05] students_app.network - INFO - Получено 149 из 149 байт
[2025-01-23 02:26:05] students_app.network - INFO - Получен ответ: {'status': 'error', 'message': 'Неизвестное действие'}
[2025-01-23 02:26:10] students_app.network - INFO - Попытка подключения к 192.168.0.164:9999
[2025-01-23 02:26:10] students_app.network - INFO - Создан сокет, пытаемся подключиться...
[2025-01-23 02:26:10] students_app.network - INFO - Подключение успешно установлено
[2025-01-23 02:26:10] students_app.network - INFO - Отправляем данные: {'action': 'register', 'data': {'first_name': '123', 'last_name': '123', 'middle_name': '', 'group_name': '123', 'year': 2024}}
[2025-01-23 02:26:10] students_app.network - INFO - Получен префикс длины: 149 байт
[2025-01-23 02:26:10] students_app.network - INFO - Получено 149 из 149 байт
[2025-01-23 02:26:10] students_app.network - INFO - Получен ответ: {'status': 'error', 'message': 'Неизвестное действие'}
[2025-01-23 02:26:24] students_app.network - INFO - Попытка подключения к 192.168.0.164:9999
[2025-01-23 02:26:24] students_app.network - INFO - Создан сокет, пытаемся подключиться...
[2025-01-23 02:26:24] students_app.network - INFO - Подключение успешно установлено
[2025-01-23 02:26:24] students_app.network - INFO - Отправляем данные: {'action': 'register', 'data': {'first_name': 'Пятница', 'last_name': 'Антон', 'middle_name': '', 'group_name': 'ПС4-51', 'year': 2024}}
[2025-01-23 02:26:24] students_app.network - INFO - Получен префикс длины: 149 байт
[2025-01-23 02:26:24] students_app.network - INFO - Получено 149 из 149 байт
[2025-01-23 02:26:24] students_app.network - INFO - Получен ответ: {'status': 'error', 'message': 'Неизвестное действие'}
[2025-01-23 02:26:25] students_app.network - INFO - Попытка подключения к 192.168.0.164:9999
[2025-01-23 02:26:25] students_app.network - INFO - Создан сокет, пытаемся подключиться...
[2025-01-23 02:26:25] students_app.network - INFO - Подключение успешно установлено
[2025-01-23 02:26:25] students_app.network - INFO - Отправляем данные: {'action': 'register', 'data': {'first_name': 'Пятница', 'last_name': 'Антон', 'middle_name': '', 'group_name': 'ПС4-51', 'year': 2024}}
[2025-01-23 02:26:25] students_app.network - INFO - Получен префикс длины: 149 байт
[2025-01-23 02:26:25] students_app.network - INFO - Получено 149 из 149 байт
[2025-01-23 02:26:25] students_app.network - INFO - Получен ответ: {'status': 'error', 'message': 'Неизвестное действие'}
