[2025-01-23 01:28:28] students_app - INFO - Логгер инициализирован. Проверка кодировки: русский текст
[2025-01-23 01:28:28] students_app - INFO - Запуск приложения
[2025-01-23 01:28:28] students_app.windows.login - DEBUG - Проверка подключения к 192.168.0.164:9999
[2025-01-23 01:28:28] students_app.windows.login - DEBUG - Сокет создан, устанавливаем соединение...
[2025-01-23 01:28:28] students_app.windows.login - DEBUG - Соединение установлено успешно
[2025-01-23 01:28:33] students_app.windows.login - DEBUG - Проверка подключения к 192.168.0.164:9999
[2025-01-23 01:28:33] students_app.windows.login - DEBUG - Сокет создан, устанавливаем соединение...
[2025-01-23 01:28:33] students_app.windows.login - DEBUG - Соединение установлено успешно
[2025-01-23 01:28:38] students_app.windows.login - DEBUG - Проверка подключения к 192.168.0.164:9999
[2025-01-23 01:28:38] students_app.windows.login - DEBUG - Сокет создан, устанавливаем соединение...
[2025-01-23 01:28:38] students_app.windows.login - DEBUG - Соединение установлено успешно
[2025-01-23 01:28:40] students_app.windows.testing - DEBUG - Получены вопросы: [{'id': 32, 'category': 'Вопрос 1', 'question_text': '![image](f0e5fa2eca9154c1f1a00e18bd6df50c.png)', 'answers': ['![image](f0e5fa2eca9154c1f1a00e18bd6df50c.png)', '![image](f0e5fa2eca9154c1f1a00e18bd6df50c.png)', '![image](f0e5fa2eca9154c1f1a00e18bd6df50c.png)', '![image](f0e5fa2eca9154c1f1a00e18bd6df50c.png)'], 'correct_index': 1}, {'id': 33, 'category': 'Вопрос 2', 'question_text': '![image](f0e5fa2eca9154c1f1a00e18bd6df50c.png)', 'answers': ['![image](f0e5fa2eca9154c1f1a00e18bd6df50c.png)', '![image](f0e5fa2eca9154c1f1a00e18bd6df50c.png)', '![image](f0e5fa2eca9154c1f1a00e18bd6df50c.png)', '![image](f0e5fa2eca9154c1f1a00e18bd6df50c.png)'], 'correct_index': 1}, {'id': 34, 'category': 'Вопрос 3', 'question_text': '![image](f0e5fa2eca9154c1f1a00e18bd6df50c.png)', 'answers': ['![image](f0e5fa2eca9154c1f1a00e18bd6df50c.png)', '![image](f0e5fa2eca9154c1f1a00e18bd6df50c.png)', '![image](f0e5fa2eca9154c1f1a00e18bd6df50c.png)', '![image](f0e5fa2eca9154c1f1a00e18bd6df50c.png)'], 'correct_index': 1}, {'id': 35, 'category': 'Вопрос 4', 'question_text': '![image](f0e5fa2eca9154c1f1a00e18bd6df50c.png)', 'answers': ['![image](f0e5fa2eca9154c1f1a00e18bd6df50c.png)', '![image](f0e5fa2eca9154c1f1a00e18bd6df50c.png)', '![image](f0e5fa2eca9154c1f1a00e18bd6df50c.png)', '![image](f0e5fa2eca9154c1f1a00e18bd6df50c.png)'], 'correct_index': 1}, {'id': 36, 'category': 'Вопрос 5', 'question_text': '![image](f0e5fa2eca9154c1f1a00e18bd6df50c.png)', 'answers': ['![image](f0e5fa2eca9154c1f1a00e18bd6df50c.png)', '![image](f0e5fa2eca9154c1f1a00e18bd6df50c.png)', '![image](f0e5fa2eca9154c1f1a00e18bd6df50c.png)', '![image](f0e5fa2eca9154c1f1a00e18bd6df50c.png)'], 'correct_index': 1}]
[2025-01-23 01:28:40] students_app.windows.testing - DEBUG - Вопрос 1: 1
[2025-01-23 01:28:40] students_app.windows.testing - DEBUG - Вопрос 2: 1
[2025-01-23 01:28:40] students_app.windows.testing - DEBUG - Вопрос 3: 1
[2025-01-23 01:28:40] students_app.windows.testing - DEBUG - Вопрос 4: 1
[2025-01-23 01:28:40] students_app.windows.testing - DEBUG - Вопрос 5: 1
[2025-01-23 01:28:40] students_app.windows.testing - DEBUG - Выбранные вопросы: [{'id': 32, 'category': 'Вопрос 1', 'question_text': '![image](f0e5fa2eca9154c1f1a00e18bd6df50c.png)', 'answers': ['![image](f0e5fa2eca9154c1f1a00e18bd6df50c.png)', '![image](f0e5fa2eca9154c1f1a00e18bd6df50c.png)', '![image](f0e5fa2eca9154c1f1a00e18bd6df50c.png)', '![image](f0e5fa2eca9154c1f1a00e18bd6df50c.png)'], 'correct_index': 1}, {'id': 33, 'category': 'Вопрос 2', 'question_text': '![image](f0e5fa2eca9154c1f1a00e18bd6df50c.png)', 'answers': ['![image](f0e5fa2eca9154c1f1a00e18bd6df50c.png)', '![image](f0e5fa2eca9154c1f1a00e18bd6df50c.png)', '![image](f0e5fa2eca9154c1f1a00e18bd6df50c.png)', '![image](f0e5fa2eca9154c1f1a00e18bd6df50c.png)'], 'correct_index': 1}, {'id': 34, 'category': 'Вопрос 3', 'question_text': '![image](f0e5fa2eca9154c1f1a00e18bd6df50c.png)', 'answers': ['![image](f0e5fa2eca9154c1f1a00e18bd6df50c.png)', '![image](f0e5fa2eca9154c1f1a00e18bd6df50c.png)', '![image](f0e5fa2eca9154c1f1a00e18bd6df50c.png)', '![image](f0e5fa2eca9154c1f1a00e18bd6df50c.png)'], 'correct_index': 1}, {'id': 35, 'category': 'Вопрос 4', 'question_text': '![image](f0e5fa2eca9154c1f1a00e18bd6df50c.png)', 'answers': ['![image](f0e5fa2eca9154c1f1a00e18bd6df50c.png)', '![image](f0e5fa2eca9154c1f1a00e18bd6df50c.png)', '![image](f0e5fa2eca9154c1f1a00e18bd6df50c.png)', '![image](f0e5fa2eca9154c1f1a00e18bd6df50c.png)'], 'correct_index': 1}, {'id': 36, 'category': 'Вопрос 5', 'question_text': '![image](f0e5fa2eca9154c1f1a00e18bd6df50c.png)', 'answers': ['![image](f0e5fa2eca9154c1f1a00e18bd6df50c.png)', '![image](f0e5fa2eca9154c1f1a00e18bd6df50c.png)', '![image](f0e5fa2eca9154c1f1a00e18bd6df50c.png)', '![image](f0e5fa2eca9154c1f1a00e18bd6df50c.png)'], 'correct_index': 1}]
[2025-01-23 01:28:40] students_app.windows.testing - DEBUG - Данные вопроса: {'id': 32, 'category': 'Вопрос 1', 'question_text': '![image](f0e5fa2eca9154c1f1a00e18bd6df50c.png)', 'answers': ['![image](f0e5fa2eca9154c1f1a00e18bd6df50c.png)', '![image](f0e5fa2eca9154c1f1a00e18bd6df50c.png)', '![image](f0e5fa2eca9154c1f1a00e18bd6df50c.png)', '![image](f0e5fa2eca9154c1f1a00e18bd6df50c.png)'], 'correct_index': 1}
[2025-01-23 01:28:40] students_app.windows.testing - DEBUG - Текст вопроса: ![image](f0e5fa2eca9154c1f1a00e18bd6df50c.png)
[2025-01-23 01:28:40] students_app.windows.testing - INFO - Попытка загрузки изображения: f0e5fa2eca9154c1f1a00e18bd6df50c.png
[2025-01-23 01:28:40] students_app.windows.testing - INFO - Загрузка изображения с сервера
[2025-01-23 01:28:40] students_app.windows.testing - ERROR - Ошибка при загрузке изображения: 'NoneType' object has no attribute 'startswith'
[2025-01-23 01:28:40] students_app.windows.testing - INFO - Попытка загрузки изображения: f0e5fa2eca9154c1f1a00e18bd6df50c.png
[2025-01-23 01:28:40] students_app.windows.testing - INFO - Загрузка изображения с сервера
[2025-01-23 01:28:40] students_app.windows.testing - ERROR - Ошибка при загрузке изображения: 'NoneType' object has no attribute 'startswith'
[2025-01-23 01:28:40] students_app.windows.testing - INFO - Попытка загрузки изображения: f0e5fa2eca9154c1f1a00e18bd6df50c.png
[2025-01-23 01:28:40] students_app.windows.testing - INFO - Загрузка изображения с сервера
[2025-01-23 01:28:40] students_app.windows.testing - ERROR - Ошибка при загрузке изображения: 'NoneType' object has no attribute 'startswith'
[2025-01-23 01:28:40] students_app.windows.testing - INFO - Попытка загрузки изображения: f0e5fa2eca9154c1f1a00e18bd6df50c.png
[2025-01-23 01:28:40] students_app.windows.testing - INFO - Загрузка изображения с сервера
[2025-01-23 01:28:40] students_app.windows.testing - ERROR - Ошибка при загрузке изображения: 'NoneType' object has no attribute 'startswith'
[2025-01-23 01:28:40] students_app.windows.testing - INFO - Попытка загрузки изображения: f0e5fa2eca9154c1f1a00e18bd6df50c.png
[2025-01-23 01:28:40] students_app.windows.testing - INFO - Загрузка изображения с сервера
[2025-01-23 01:28:40] students_app.windows.testing - ERROR - Ошибка при загрузке изображения: 'NoneType' object has no attribute 'startswith'
[2025-01-23 01:28:43] students_app.windows.login - DEBUG - Проверка подключения к 192.168.0.164:9999
[2025-01-23 01:28:43] students_app.windows.login - DEBUG - Сокет создан, устанавливаем соединение...
[2025-01-23 01:28:43] students_app.windows.login - DEBUG - Соединение установлено успешно
[2025-01-23 01:28:48] students_app.windows.login - DEBUG - Проверка подключения к 192.168.0.164:9999
[2025-01-23 01:28:48] students_app.windows.login - DEBUG - Сокет создан, устанавливаем соединение...
[2025-01-23 01:28:48] students_app.windows.login - DEBUG - Соединение установлено успешно
[2025-01-23 01:28:53] students_app.windows.login - DEBUG - Проверка подключения к 192.168.0.164:9999
[2025-01-23 01:28:53] students_app.windows.login - DEBUG - Сокет создан, устанавливаем соединение...
[2025-01-23 01:28:53] students_app.windows.login - DEBUG - Соединение установлено успешно
[2025-01-23 01:28:54] students_app.windows.testing - DEBUG - Данные вопроса: {'id': 33, 'category': 'Вопрос 2', 'question_text': '![image](f0e5fa2eca9154c1f1a00e18bd6df50c.png)', 'answers': ['![image](f0e5fa2eca9154c1f1a00e18bd6df50c.png)', '![image](f0e5fa2eca9154c1f1a00e18bd6df50c.png)', '![image](f0e5fa2eca9154c1f1a00e18bd6df50c.png)', '![image](f0e5fa2eca9154c1f1a00e18bd6df50c.png)'], 'correct_index': 1}
[2025-01-23 01:28:54] students_app.windows.testing - DEBUG - Текст вопроса: ![image](f0e5fa2eca9154c1f1a00e18bd6df50c.png)
[2025-01-23 01:28:54] students_app.windows.testing - INFO - Попытка загрузки изображения: f0e5fa2eca9154c1f1a00e18bd6df50c.png
[2025-01-23 01:28:54] students_app.windows.testing - INFO - Загрузка изображения с сервера
[2025-01-23 01:28:54] students_app.windows.testing - ERROR - Ошибка при загрузке изображения: 'NoneType' object has no attribute 'startswith'
[2025-01-23 01:28:54] students_app.windows.testing - INFO - Попытка загрузки изображения: f0e5fa2eca9154c1f1a00e18bd6df50c.png
[2025-01-23 01:28:54] students_app.windows.testing - INFO - Загрузка изображения с сервера
[2025-01-23 01:28:54] students_app.windows.testing - ERROR - Ошибка при загрузке изображения: 'NoneType' object has no attribute 'startswith'
[2025-01-23 01:28:54] students_app.windows.testing - INFO - Попытка загрузки изображения: f0e5fa2eca9154c1f1a00e18bd6df50c.png
[2025-01-23 01:28:54] students_app.windows.testing - INFO - Загрузка изображения с сервера
[2025-01-23 01:28:54] students_app.windows.testing - ERROR - Ошибка при загрузке изображения: 'NoneType' object has no attribute 'startswith'
[2025-01-23 01:28:54] students_app.windows.testing - INFO - Попытка загрузки изображения: f0e5fa2eca9154c1f1a00e18bd6df50c.png
[2025-01-23 01:28:54] students_app.windows.testing - INFO - Загрузка изображения с сервера
[2025-01-23 01:28:54] students_app.windows.testing - ERROR - Ошибка при загрузке изображения: 'NoneType' object has no attribute 'startswith'
[2025-01-23 01:28:54] students_app.windows.testing - INFO - Попытка загрузки изображения: f0e5fa2eca9154c1f1a00e18bd6df50c.png
[2025-01-23 01:28:54] students_app.windows.testing - INFO - Загрузка изображения с сервера
[2025-01-23 01:28:54] students_app.windows.testing - ERROR - Ошибка при загрузке изображения: 'NoneType' object has no attribute 'startswith'
[2025-01-23 01:28:55] students_app.windows.testing - DEBUG - Данные вопроса: {'id': 34, 'category': 'Вопрос 3', 'question_text': '![image](f0e5fa2eca9154c1f1a00e18bd6df50c.png)', 'answers': ['![image](f0e5fa2eca9154c1f1a00e18bd6df50c.png)', '![image](f0e5fa2eca9154c1f1a00e18bd6df50c.png)', '![image](f0e5fa2eca9154c1f1a00e18bd6df50c.png)', '![image](f0e5fa2eca9154c1f1a00e18bd6df50c.png)'], 'correct_index': 1}
[2025-01-23 01:28:55] students_app.windows.testing - DEBUG - Текст вопроса: ![image](f0e5fa2eca9154c1f1a00e18bd6df50c.png)
[2025-01-23 01:28:55] students_app.windows.testing - INFO - Попытка загрузки изображения: f0e5fa2eca9154c1f1a00e18bd6df50c.png
[2025-01-23 01:28:55] students_app.windows.testing - INFO - Загрузка изображения с сервера
[2025-01-23 01:28:55] students_app.windows.testing - ERROR - Ошибка при загрузке изображения: 'NoneType' object has no attribute 'startswith'
[2025-01-23 01:28:55] students_app.windows.testing - INFO - Попытка загрузки изображения: f0e5fa2eca9154c1f1a00e18bd6df50c.png
[2025-01-23 01:28:55] students_app.windows.testing - INFO - Загрузка изображения с сервера
[2025-01-23 01:28:55] students_app.windows.testing - ERROR - Ошибка при загрузке изображения: 'NoneType' object has no attribute 'startswith'
[2025-01-23 01:28:55] students_app.windows.testing - INFO - Попытка загрузки изображения: f0e5fa2eca9154c1f1a00e18bd6df50c.png
[2025-01-23 01:28:55] students_app.windows.testing - INFO - Загрузка изображения с сервера
[2025-01-23 01:28:55] students_app.windows.testing - ERROR - Ошибка при загрузке изображения: 'NoneType' object has no attribute 'startswith'
[2025-01-23 01:28:55] students_app.windows.testing - INFO - Попытка загрузки изображения: f0e5fa2eca9154c1f1a00e18bd6df50c.png
[2025-01-23 01:28:55] students_app.windows.testing - INFO - Загрузка изображения с сервера
[2025-01-23 01:28:55] students_app.windows.testing - ERROR - Ошибка при загрузке изображения: 'NoneType' object has no attribute 'startswith'
[2025-01-23 01:28:55] students_app.windows.testing - INFO - Попытка загрузки изображения: f0e5fa2eca9154c1f1a00e18bd6df50c.png
[2025-01-23 01:28:55] students_app.windows.testing - INFO - Загрузка изображения с сервера
[2025-01-23 01:28:55] students_app.windows.testing - ERROR - Ошибка при загрузке изображения: 'NoneType' object has no attribute 'startswith'
[2025-01-23 01:28:55] students_app.windows.testing - DEBUG - Данные вопроса: {'id': 35, 'category': 'Вопрос 4', 'question_text': '![image](f0e5fa2eca9154c1f1a00e18bd6df50c.png)', 'answers': ['![image](f0e5fa2eca9154c1f1a00e18bd6df50c.png)', '![image](f0e5fa2eca9154c1f1a00e18bd6df50c.png)', '![image](f0e5fa2eca9154c1f1a00e18bd6df50c.png)', '![image](f0e5fa2eca9154c1f1a00e18bd6df50c.png)'], 'correct_index': 1}
[2025-01-23 01:28:55] students_app.windows.testing - DEBUG - Текст вопроса: ![image](f0e5fa2eca9154c1f1a00e18bd6df50c.png)
[2025-01-23 01:28:55] students_app.windows.testing - INFO - Попытка загрузки изображения: f0e5fa2eca9154c1f1a00e18bd6df50c.png
[2025-01-23 01:28:55] students_app.windows.testing - INFO - Загрузка изображения с сервера
[2025-01-23 01:28:55] students_app.windows.testing - ERROR - Ошибка при загрузке изображения: 'NoneType' object has no attribute 'startswith'
[2025-01-23 01:28:55] students_app.windows.testing - INFO - Попытка загрузки изображения: f0e5fa2eca9154c1f1a00e18bd6df50c.png
[2025-01-23 01:28:55] students_app.windows.testing - INFO - Загрузка изображения с сервера
[2025-01-23 01:28:55] students_app.windows.testing - ERROR - Ошибка при загрузке изображения: 'NoneType' object has no attribute 'startswith'
[2025-01-23 01:28:55] students_app.windows.testing - INFO - Попытка загрузки изображения: f0e5fa2eca9154c1f1a00e18bd6df50c.png
[2025-01-23 01:28:55] students_app.windows.testing - INFO - Загрузка изображения с сервера
[2025-01-23 01:28:55] students_app.windows.testing - ERROR - Ошибка при загрузке изображения: 'NoneType' object has no attribute 'startswith'
[2025-01-23 01:28:55] students_app.windows.testing - INFO - Попытка загрузки изображения: f0e5fa2eca9154c1f1a00e18bd6df50c.png
[2025-01-23 01:28:55] students_app.windows.testing - INFO - Загрузка изображения с сервера
[2025-01-23 01:28:55] students_app.windows.testing - ERROR - Ошибка при загрузке изображения: 'NoneType' object has no attribute 'startswith'
[2025-01-23 01:28:55] students_app.windows.testing - INFO - Попытка загрузки изображения: f0e5fa2eca9154c1f1a00e18bd6df50c.png
[2025-01-23 01:28:55] students_app.windows.testing - INFO - Загрузка изображения с сервера
[2025-01-23 01:28:55] students_app.windows.testing - ERROR - Ошибка при загрузке изображения: 'NoneType' object has no attribute 'startswith'
[2025-01-23 01:28:56] students_app.windows.testing - DEBUG - Данные вопроса: {'id': 36, 'category': 'Вопрос 5', 'question_text': '![image](f0e5fa2eca9154c1f1a00e18bd6df50c.png)', 'answers': ['![image](f0e5fa2eca9154c1f1a00e18bd6df50c.png)', '![image](f0e5fa2eca9154c1f1a00e18bd6df50c.png)', '![image](f0e5fa2eca9154c1f1a00e18bd6df50c.png)', '![image](f0e5fa2eca9154c1f1a00e18bd6df50c.png)'], 'correct_index': 1}
[2025-01-23 01:28:56] students_app.windows.testing - DEBUG - Текст вопроса: ![image](f0e5fa2eca9154c1f1a00e18bd6df50c.png)
[2025-01-23 01:28:56] students_app.windows.testing - INFO - Попытка загрузки изображения: f0e5fa2eca9154c1f1a00e18bd6df50c.png
[2025-01-23 01:28:56] students_app.windows.testing - INFO - Загрузка изображения с сервера
[2025-01-23 01:28:56] students_app.windows.testing - ERROR - Ошибка при загрузке изображения: 'NoneType' object has no attribute 'startswith'
[2025-01-23 01:28:56] students_app.windows.testing - INFO - Попытка загрузки изображения: f0e5fa2eca9154c1f1a00e18bd6df50c.png
[2025-01-23 01:28:56] students_app.windows.testing - INFO - Загрузка изображения с сервера
[2025-01-23 01:28:56] students_app.windows.testing - ERROR - Ошибка при загрузке изображения: 'NoneType' object has no attribute 'startswith'
[2025-01-23 01:28:56] students_app.windows.testing - INFO - Попытка загрузки изображения: f0e5fa2eca9154c1f1a00e18bd6df50c.png
[2025-01-23 01:28:56] students_app.windows.testing - INFO - Загрузка изображения с сервера
[2025-01-23 01:28:56] students_app.windows.testing - ERROR - Ошибка при загрузке изображения: 'NoneType' object has no attribute 'startswith'
[2025-01-23 01:28:56] students_app.windows.testing - INFO - Попытка загрузки изображения: f0e5fa2eca9154c1f1a00e18bd6df50c.png
[2025-01-23 01:28:56] students_app.windows.testing - INFO - Загрузка изображения с сервера
[2025-01-23 01:28:56] students_app.windows.testing - ERROR - Ошибка при загрузке изображения: 'NoneType' object has no attribute 'startswith'
[2025-01-23 01:28:56] students_app.windows.testing - INFO - Попытка загрузки изображения: f0e5fa2eca9154c1f1a00e18bd6df50c.png
[2025-01-23 01:28:56] students_app.windows.testing - INFO - Загрузка изображения с сервера
[2025-01-23 01:28:56] students_app.windows.testing - ERROR - Ошибка при загрузке изображения: 'NoneType' object has no attribute 'startswith'
[2025-01-23 01:28:58] students_app.windows.login - DEBUG - Проверка подключения к 192.168.0.164:9999
[2025-01-23 01:28:58] students_app.windows.login - DEBUG - Сокет создан, устанавливаем соединение...
[2025-01-23 01:28:58] students_app.windows.login - DEBUG - Соединение установлено успешно
[2025-01-23 01:29:03] students_app.windows.login - DEBUG - Проверка подключения к 192.168.0.164:9999
[2025-01-23 01:29:03] students_app.windows.login - DEBUG - Сокет создан, устанавливаем соединение...
[2025-01-23 01:29:03] students_app.windows.login - DEBUG - Соединение установлено успешно
[2025-01-23 01:29:08] students_app.windows.login - DEBUG - Проверка подключения к 192.168.0.164:9999
[2025-01-23 01:29:08] students_app.windows.login - DEBUG - Сокет создан, устанавливаем соединение...
[2025-01-23 01:29:08] students_app.windows.login - DEBUG - Соединение установлено успешно
