[2025-01-23 02:56:36] students_app.network - INFO - Попытка подключения к 192.168.0.164:9999
[2025-01-23 02:56:36] students_app.network - INFO - Создан сокет, пытаемся подключиться...
[2025-01-23 02:56:36] students_app.network - INFO - Подключение успешно установлено
[2025-01-23 02:56:36] students_app.network - INFO - Отправляем данные: {'action': 'login', 'data': {'first_name': 'Антон', 'last_name': 'Пятница', 'middle_name': '', 'group_name': 'ПС4-51', 'year': 2024}}
[2025-01-23 02:56:36] students_app.network - INFO - Получен префикс длины: 162 байт
[2025-01-23 02:56:36] students_app.network - INFO - Получено 162 из 162 байт
[2025-01-23 02:56:36] students_app.network - INFO - Получен ответ: {'status': 'success', 'data': {'student_id': 2, 'name': 'Пятница Антон', 'group': 'ПС4-51'}}
[2025-01-23 02:56:36] students_app.network - INFO - Попытка подключения к 192.168.0.164:9999
[2025-01-23 02:56:36] students_app.network - INFO - Создан сокет, пытаемся подключиться...
[2025-01-23 02:56:36] students_app.network - INFO - Подключение успешно установлено
[2025-01-23 02:56:36] students_app.network - INFO - Отправляем данные: {'action': 'get_lab_works', 'data': {}}
[2025-01-23 02:56:36] students_app.network - INFO - Получен префикс длины: 84 байт
[2025-01-23 02:56:36] students_app.network - INFO - Получено 84 из 84 байт
[2025-01-23 02:56:36] students_app.network - INFO - Получен ответ: {'status': 'success', 'data': {'lab_works': [{'id': 2, 'theme': '123', 'time': 5}]}}
[2025-01-23 02:56:36] students_app.network - INFO - Попытка подключения к 192.168.0.164:9999
[2025-01-23 02:56:36] students_app.network - INFO - Создан сокет, пытаемся подключиться...
[2025-01-23 02:56:36] students_app.network - INFO - Подключение успешно установлено
[2025-01-23 02:56:36] students_app.network - INFO - Отправляем данные: {'action': 'check_lab_completed', 'data': {'student_id': 2, 'lab_id': 2}}
[2025-01-23 02:56:36] students_app.network - INFO - Получен префикс длины: 50 байт
[2025-01-23 02:56:36] students_app.network - INFO - Получено 50 из 50 байт
[2025-01-23 02:56:36] students_app.network - INFO - Получен ответ: {'status': 'success', 'data': {'completed': True}}
[2025-01-23 02:58:05] students_app.network - INFO - Попытка подключения к 192.168.0.164:9999
[2025-01-23 02:58:05] students_app.network - INFO - Создан сокет, пытаемся подключиться...
[2025-01-23 02:58:05] students_app.network - INFO - Подключение успешно установлено
[2025-01-23 02:58:05] students_app.network - INFO - Отправляем данные: {'action': 'login', 'data': {'first_name': 'Антон', 'last_name': 'Пятница', 'middle_name': '', 'group_name': 'ПС4-51', 'year': 2024}}
[2025-01-23 02:58:05] students_app.network - INFO - Получен префикс длины: 162 байт
[2025-01-23 02:58:05] students_app.network - INFO - Получено 162 из 162 байт
[2025-01-23 02:58:05] students_app.network - INFO - Получен ответ: {'status': 'success', 'data': {'student_id': 2, 'name': 'Пятница Антон', 'group': 'ПС4-51'}}
[2025-01-23 02:58:06] students_app.network - INFO - Попытка подключения к 192.168.0.164:9999
[2025-01-23 02:58:06] students_app.network - INFO - Создан сокет, пытаемся подключиться...
[2025-01-23 02:58:06] students_app.network - INFO - Подключение успешно установлено
[2025-01-23 02:58:06] students_app.network - INFO - Отправляем данные: {'action': 'get_lab_works', 'data': {}}
[2025-01-23 02:58:06] students_app.network - INFO - Получен префикс длины: 123 байт
[2025-01-23 02:58:06] students_app.network - INFO - Получено 123 из 123 байт
[2025-01-23 02:58:06] students_app.network - INFO - Получен ответ: {'status': 'success', 'data': {'lab_works': [{'id': 2, 'theme': '123', 'time': 5}, {'id': 3, 'theme': '1234', 'time': 3}]}}
[2025-01-23 02:58:06] students_app.network - INFO - Попытка подключения к 192.168.0.164:9999
[2025-01-23 02:58:06] students_app.network - INFO - Создан сокет, пытаемся подключиться...
[2025-01-23 02:58:06] students_app.network - INFO - Попытка подключения к 192.168.0.164:9999
[2025-01-23 02:58:06] students_app.network - INFO - Создан сокет, пытаемся подключиться...
[2025-01-23 02:58:06] students_app.network - INFO - Подключение успешно установлено
[2025-01-23 02:58:06] students_app.network - INFO - Отправляем данные: {'action': 'check_lab_completed', 'data': {'student_id': 2, 'lab_id': 3}}
[2025-01-23 02:58:06] students_app.network - INFO - Подключение успешно установлено
[2025-01-23 02:58:06] students_app.network - INFO - Отправляем данные: {'action': 'check_lab_completed', 'data': {'student_id': 2, 'lab_id': 2}}
[2025-01-23 02:58:06] students_app.network - INFO - Получен префикс длины: 51 байт
[2025-01-23 02:58:06] students_app.network - INFO - Получено 51 из 51 байт
[2025-01-23 02:58:06] students_app.network - INFO - Получен префикс длины: 50 байт
[2025-01-23 02:58:06] students_app.network - INFO - Получен ответ: {'status': 'success', 'data': {'completed': False}}
[2025-01-23 02:58:06] students_app.network - INFO - Получено 50 из 50 байт
[2025-01-23 02:58:06] students_app.network - INFO - Получен ответ: {'status': 'success', 'data': {'completed': True}}
[2025-01-23 02:58:09] students_app.network - INFO - Попытка подключения к 192.168.0.164:9999
[2025-01-23 02:58:09] students_app.network - INFO - Создан сокет, пытаемся подключиться...
[2025-01-23 02:58:09] students_app.network - INFO - Подключение успешно установлено
[2025-01-23 02:58:09] students_app.network - INFO - Отправляем данные: {'action': 'get_questions', 'data': {'lab_id': '3'}}
[2025-01-23 02:58:09] students_app.network - INFO - Получен префикс длины: 192 байт
[2025-01-23 02:58:09] students_app.network - INFO - Получено 192 из 192 байт
[2025-01-23 02:58:09] students_app.network - INFO - Получен ответ: {'status': 'error', 'message': 'Необходимо предоставить lab_id и student_id'}
[2025-01-23 02:58:35] students_app.network - INFO - Попытка подключения к 192.168.0.164:9999
[2025-01-23 02:58:35] students_app.network - INFO - Создан сокет, пытаемся подключиться...
[2025-01-23 02:58:35] students_app.network - INFO - Подключение успешно установлено
[2025-01-23 02:58:35] students_app.network - INFO - Отправляем данные: {'action': 'get_lab_works', 'data': {}}
[2025-01-23 02:58:35] students_app.network - INFO - Получен префикс длины: 123 байт
[2025-01-23 02:58:35] students_app.network - INFO - Получено 123 из 123 байт
[2025-01-23 02:58:35] students_app.network - INFO - Получен ответ: {'status': 'success', 'data': {'lab_works': [{'id': 2, 'theme': '123', 'time': 5}, {'id': 3, 'theme': '1234', 'time': 3}]}}
[2025-01-23 02:58:35] students_app.network - INFO - Попытка подключения к 192.168.0.164:9999
[2025-01-23 02:58:35] students_app.network - INFO - Попытка подключения к 192.168.0.164:9999
[2025-01-23 02:58:35] students_app.network - INFO - Создан сокет, пытаемся подключиться...
[2025-01-23 02:58:35] students_app.network - INFO - Создан сокет, пытаемся подключиться...
[2025-01-23 02:58:35] students_app.network - INFO - Подключение успешно установлено
[2025-01-23 02:58:35] students_app.network - INFO - Подключение успешно установлено
[2025-01-23 02:58:35] students_app.network - INFO - Отправляем данные: {'action': 'check_lab_completed', 'data': {'student_id': 2, 'lab_id': 3}}
[2025-01-23 02:58:35] students_app.network - INFO - Отправляем данные: {'action': 'check_lab_completed', 'data': {'student_id': 2, 'lab_id': 2}}
[2025-01-23 02:58:35] students_app.network - INFO - Получен префикс длины: 50 байт
[2025-01-23 02:58:35] students_app.network - INFO - Получено 50 из 50 байт
[2025-01-23 02:58:35] students_app.network - INFO - Получен ответ: {'status': 'success', 'data': {'completed': True}}
[2025-01-23 02:58:35] students_app.network - INFO - Получен префикс длины: 51 байт
[2025-01-23 02:58:35] students_app.network - INFO - Получено 51 из 51 байт
[2025-01-23 02:58:35] students_app.network - INFO - Получен ответ: {'status': 'success', 'data': {'completed': False}}
