[2025-01-22 23:43:48] students_app.network - INFO - Попытка подключения к 192.168.0.164:9999
[2025-01-22 23:43:48] students_app.network - INFO - Создан сокет, пытаемся подключиться...
[2025-01-22 23:43:48] students_app.network - INFO - Подключение успешно установлено
[2025-01-22 23:43:48] students_app.network - INFO - Отправляем данные: {'action': 'login', 'data': {'first_name': 'Антон', 'last_name': 'Пятница', 'middle_name': '', 'group_name': 'ПС4-51', 'year': 2024}}
[2025-01-22 23:43:48] students_app.network - INFO - Получен префикс длины: 48 байт
[2025-01-22 23:43:48] students_app.network - INFO - Получено 48 из 48 байт
[2025-01-22 23:43:48] students_app.network - INFO - Данные успешно получены и декодированы
[2025-01-22 23:43:50] students_app.network - INFO - Попытка подключения к 192.168.0.164:9999
[2025-01-22 23:43:50] students_app.network - INFO - Создан сокет, пытаемся подключиться...
[2025-01-22 23:43:50] students_app.network - INFO - Подключение успешно установлено
[2025-01-22 23:43:50] students_app.network - INFO - Отправляем данные: {'action': 'get_lab_works', 'data': {}}
[2025-01-22 23:43:50] students_app.network - INFO - Получен префикс длины: 86 байт
[2025-01-22 23:43:50] students_app.network - INFO - Получено 86 из 86 байт
[2025-01-22 23:43:50] students_app.network - INFO - Данные успешно получены и декодированы
[2025-01-22 23:43:50] students_app.network - INFO - Попытка подключения к 192.168.0.164:9999
[2025-01-22 23:43:50] students_app.network - INFO - Создан сокет, пытаемся подключиться...
[2025-01-22 23:43:50] students_app.network - INFO - Подключение успешно установлено
[2025-01-22 23:43:50] students_app.network - INFO - Отправляем данные: {'action': 'check_lab_completed', 'data': {'student_id': 1, 'lab_id': 5}}
[2025-01-22 23:43:50] students_app.network - INFO - Получен префикс длины: 51 байт
[2025-01-22 23:43:50] students_app.network - INFO - Получено 51 из 51 байт
[2025-01-22 23:43:50] students_app.network - INFO - Данные успешно получены и декодированы
